

*******************************************************************************
Tue Oct 18 15:46:35 2011


FIT:    data read from 'energies.dat' u 3:4
        format = x:z
        #datapoints = 39
        residuals are weighted equally (unit weight)

function used for fitting: f(x)
fitted parameters initialized with current variable values



 Iteration 0
 WSSR        : 8493.19           delta(WSSR)/WSSR   : 0
 delta(WSSR) : 0                 limit for stopping : 1e-05
 lambda	  : 0.868856

initial set of free parameter values

a               = 1
b               = 1
BREAK:          Undefined value during function evaluation



*******************************************************************************
Tue Oct 18 15:46:57 2011


FIT:    data read from 'energies.dat' u 3:4
        format = x:z
        #datapoints = 39
        residuals are weighted equally (unit weight)

function used for fitting: f(x)
fitted parameters initialized with current variable values

BREAK:          Undefined value during function evaluation



*******************************************************************************
Tue Oct 18 15:49:24 2011


FIT:    data read from 'energies.dat' u 3:4
        format = x:z
	y range restricted to [-0.0345018 : 1.98931]
        #datapoints = 39
        residuals are weighted equally (unit weight)

function used for fitting: f(x)
fitted parameters initialized with current variable values



 Iteration 0
 WSSR        : 316.705           delta(WSSR)/WSSR   : 0
 delta(WSSR) : 0                 limit for stopping : 1e-05
 lambda	  : 0.859816

initial set of free parameter values

a               = 1
b               = 0.5
c               = 12

After 5 iterations the fit converged.
final sum of squares of residuals : 0.0879185
rel. change during last iteration : -9.61946e-06

degrees of freedom    (FIT_NDF)                        : 36
rms of residuals      (FIT_STDFIT) = sqrt(WSSR/ndf)    : 0.0494184
variance of residuals (reduced chisquare) = WSSR/ndf   : 0.00244218

Final set of parameters            Asymptotic Standard Error
=======================            ==========================

a               = 3.48674          +/- 0.04986      (1.43%)
b               = 0.314209         +/- 0.006514     (2.073%)
c               = 12.4935          +/- 0.04804      (0.3845%)


correlation matrix of the fit parameters:

               a      b      c      
a               1.000 
b              -0.795  1.000 
c              -0.986  0.798  1.000 
